This file contains any messages produced by compilers while
running configure, to aid debugging if configure makes a mistake.

It was created by psqlodbc configure 13.02.0000, which was
generated by GNU Autoconf 2.69.  Invocation command line was

  $ ./configure 

## --------- ##
## Platform. ##
## --------- ##

hostname = brunou-IdeaPad-3-14ADA05
uname -m = x86_64
uname -r = 5.15.0-52-generic
uname -s = Linux
uname -v = #58~20.04.1-Ubuntu SMP Thu Oct 13 13:09:46 UTC 2022

/usr/bin/uname -p = x86_64
/bin/uname -X     = unknown

/bin/arch              = x86_64
/usr/bin/arch -k       = unknown
/usr/convex/getsysinfo = unknown
/usr/bin/hostinfo      = unknown
/bin/machine           = unknown
/usr/bin/oslevel       = unknown
/bin/universe          = unknown

PATH: /usr/local/sbin
PATH: /usr/local/bin
PATH: /usr/sbin
PATH: /usr/bin
PATH: /sbin
PATH: /bin
PATH: /usr/games
PATH: /usr/local/games
PATH: /snap/bin


## ----------- ##
## Core tests. ##
## ----------- ##

configure:2555: checking for a BSD-compatible install
configure:2623: result: /usr/bin/install -c
configure:2634: checking whether build environment is sane
configure:2689: result: yes
configure:2838: checking for a thread-safe mkdir -p
configure:2877: result: /usr/bin/mkdir -p
configure:2884: checking for gawk
configure:2900: found /usr/bin/gawk
configure:2911: result: gawk
configure:2922: checking whether make sets $(MAKE)
configure:2944: result: yes
configure:2973: checking whether make supports nested variables
configure:2990: result: yes
configure:3120: checking whether to enable maintainer-specific portions of Makefiles
configure:3129: result: no
configure:3194: checking for gcc
configure:3210: found /usr/bin/gcc
configure:3221: result: gcc
configure:3450: checking for C compiler version
configure:3459: gcc --version >&5
gcc (Ubuntu 9.4.0-1ubuntu1~20.04.1) 9.4.0
Copyright (C) 2019 Free Software Foundation, Inc.
This is free software; see the source for copying conditions.  There is NO
warranty; not even for MERCHANTABILITY or FITNESS FOR A PARTICULAR PURPOSE.

configure:3470: $? = 0
configure:3459: gcc -v >&5
Using built-in specs.
COLLECT_GCC=gcc
COLLECT_LTO_WRAPPER=/usr/lib/gcc/x86_64-linux-gnu/9/lto-wrapper
OFFLOAD_TARGET_NAMES=nvptx-none:hsa
OFFLOAD_TARGET_DEFAULT=1
Target: x86_64-linux-gnu
Configured with: ../src/configure -v --with-pkgversion='Ubuntu 9.4.0-1ubuntu1~20.04.1' --with-bugurl=file:///usr/share/doc/gcc-9/README.Bugs --enable-languages=c,ada,c++,go,brig,d,fortran,objc,obj-c++,gm2 --prefix=/usr --with-gcc-major-version-only --program-suffix=-9 --program-prefix=x86_64-linux-gnu- --enable-shared --enable-linker-build-id --libexecdir=/usr/lib --without-included-gettext --enable-threads=posix --libdir=/usr/lib --enable-nls --enable-clocale=gnu --enable-libstdcxx-debug --enable-libstdcxx-time=yes --with-default-libstdcxx-abi=new --enable-gnu-unique-object --disable-vtable-verify --enable-plugin --enable-default-pie --with-system-zlib --with-target-system-zlib=auto --enable-objc-gc=auto --enable-multiarch --disable-werror --with-arch-32=i686 --with-abi=m64 --with-multilib-list=m32,m64,mx32 --enable-multilib --with-tune=generic --enable-offload-targets=nvptx-none=/build/gcc-9-Av3uEd/gcc-9-9.4.0/debian/tmp-nvptx/usr,hsa --without-cuda-driver --enable-checking=release --build=x86_64-linux-gnu --host=x86_64-linux-gnu --target=x86_64-linux-gnu
Thread model: posix
gcc version 9.4.0 (Ubuntu 9.4.0-1ubuntu1~20.04.1) 
configure:3470: $? = 0
configure:3459: gcc -V >&5
gcc: error: unrecognized command line option '-V'
gcc: fatal error: no input files
compilation terminated.
configure:3470: $? = 1
configure:3459: gcc -qversion >&5
gcc: error: unrecognized command line option '-qversion'; did you mean '--version'?
gcc: fatal error: no input files
compilation terminated.
configure:3470: $? = 1
configure:3490: checking whether the C compiler works
configure:3512: gcc    conftest.c  >&5
configure:3516: $? = 0
configure:3564: result: yes
configure:3567: checking for C compiler default output file name
configure:3569: result: a.out
configure:3575: checking for suffix of executables
configure:3582: gcc -o conftest    conftest.c  >&5
configure:3586: $? = 0
configure:3608: result: 
configure:3630: checking whether we are cross compiling
configure:3638: gcc -o conftest    conftest.c  >&5
configure:3642: $? = 0
configure:3649: ./conftest
configure:3653: $? = 0
configure:3641: result: no
configure:3646: checking for suffix of object files
configure:3668: gcc -c   conftest.c >&5
configure:3672: $? = 0
configure:3693: result: o
configure:3697: checking whether we are using the GNU C compiler
configure:3716: gcc -c   conftest.c >&5
configure:3716: $? = 0
configure:3725: result: yes
configure:3734: checking whether gcc accepts -g
configure:3754: gcc -c -g  conftest.c >&5
configure:3754: $? = 0
configure:3795: result: yes
configure:3812: checking for gcc option to accept ISO C89
configure:3875: gcc  -c -g -O2  conftest.c >&5
configure:3875: $? = 0
configure:3888: result: none needed
configure:3913: checking whether gcc understands -c and -o together
configure:3935: gcc -c conftest.c -o conftest2.o
configure:3938: $? = 0
configure:3935: gcc -c conftest.c -o conftest2.o
configure:3938: $? = 0
configure:3950: result: yes
configure:3978: checking for style of include used by make
configure:4006: result: GNU
configure:4032: checking dependency style of gcc
configure:4143: result: gcc3
configure:4176: checking how to run the C preprocessor
configure:4207: gcc -E  conftest.c
configure:4207: $? = 0
configure:4221: gcc -E  conftest.c
conftest.c:11:10: fatal error: ac_nonexistent.h: No such file or directory
   11 | #include <ac_nonexistent.h>
      |          ^~~~~~~~~~~~~~~~~~
compilation terminated.
configure:4221: $? = 1
configure: failed program was:
| /* confdefs.h */
| #define PACKAGE_NAME "psqlodbc"
| #define PACKAGE_TARNAME "psqlodbc"
| #define PACKAGE_VERSION "13.02.0000"
| #define PACKAGE_STRING "psqlodbc 13.02.0000"
| #define PACKAGE_BUGREPORT "pgsql-odbc@postgresql.org"
| #define PACKAGE_URL ""
| #define PACKAGE "psqlodbc"
| #define VERSION "13.02.0000"
| /* end confdefs.h.  */
| #include <ac_nonexistent.h>
configure:4246: result: gcc -E
configure:4266: gcc -E  conftest.c
configure:4266: $? = 0
configure:4280: gcc -E  conftest.c
conftest.c:11:10: fatal error: ac_nonexistent.h: No such file or directory
   11 | #include <ac_nonexistent.h>
      |          ^~~~~~~~~~~~~~~~~~
compilation terminated.
configure:4280: $? = 1
configure: failed program was:
| /* confdefs.h */
| #define PACKAGE_NAME "psqlodbc"
| #define PACKAGE_TARNAME "psqlodbc"
| #define PACKAGE_VERSION "13.02.0000"
| #define PACKAGE_STRING "psqlodbc 13.02.0000"
| #define PACKAGE_BUGREPORT "pgsql-odbc@postgresql.org"
| #define PACKAGE_URL ""
| #define PACKAGE "psqlodbc"
| #define VERSION "13.02.0000"
| /* end confdefs.h.  */
| #include <ac_nonexistent.h>
configure:4309: checking for grep that handles long lines and -e
configure:4367: result: /usr/bin/grep
configure:4372: checking for egrep
configure:4434: result: /usr/bin/grep -E
configure:4439: checking for ANSI C header files
configure:4459: gcc -c -g -O2  conftest.c >&5
configure:4459: $? = 0
configure:4532: gcc -o conftest -g -O2   conftest.c  >&5
configure:4532: $? = 0
configure:4532: ./conftest
configure:4532: $? = 0
configure:4543: result: yes
configure:4556: checking for sys/types.h
configure:4556: gcc -c -g -O2  conftest.c >&5
configure:4556: $? = 0
configure:4556: result: yes
configure:4556: checking for sys/stat.h
configure:4556: gcc -c -g -O2  conftest.c >&5
configure:4556: $? = 0
configure:4556: result: yes
configure:4556: checking for stdlib.h
configure:4556: gcc -c -g -O2  conftest.c >&5
configure:4556: $? = 0
configure:4556: result: yes
configure:4556: checking for string.h
configure:4556: gcc -c -g -O2  conftest.c >&5
configure:4556: $? = 0
configure:4556: result: yes
configure:4556: checking for memory.h
configure:4556: gcc -c -g -O2  conftest.c >&5
configure:4556: $? = 0
configure:4556: result: yes
configure:4556: checking for strings.h
configure:4556: gcc -c -g -O2  conftest.c >&5
configure:4556: $? = 0
configure:4556: result: yes
configure:4556: checking for inttypes.h
configure:4556: gcc -c -g -O2  conftest.c >&5
configure:4556: $? = 0
configure:4556: result: yes
configure:4556: checking for stdint.h
configure:4556: gcc -c -g -O2  conftest.c >&5
configure:4556: $? = 0
configure:4556: result: yes
configure:4556: checking for unistd.h
configure:4556: gcc -c -g -O2  conftest.c >&5
configure:4556: $? = 0
configure:4556: result: yes
configure:4572: checking size of long
configure:4577: gcc -o conftest -g -O2   conftest.c  >&5
configure:4577: $? = 0
configure:4577: ./conftest
configure:4577: $? = 0
configure:4591: result: 8
configure:4605: checking size of long int
configure:4610: gcc -o conftest -g -O2   conftest.c  >&5
configure:4610: $? = 0
configure:4610: ./conftest
configure:4610: $? = 0
configure:4624: result: 8
configure:4638: checking size of void *
configure:4643: gcc -o conftest -g -O2   conftest.c  >&5
configure:4643: $? = 0
configure:4643: ./conftest
configure:4643: $? = 0
configure:4657: result: 8
configure:4667: checking for long long
configure:4667: gcc -c -g -O2  conftest.c >&5
configure:4667: $? = 0
configure:4667: gcc -c -g -O2  conftest.c >&5
conftest.c: In function 'main':
conftest.c:60:24: error: expected expression before ')' token
   60 | if (sizeof ((long long)))
      |                        ^
configure:4667: $? = 1
configure: failed program was:
| /* confdefs.h */
| #define PACKAGE_NAME "psqlodbc"
| #define PACKAGE_TARNAME "psqlodbc"
| #define PACKAGE_VERSION "13.02.0000"
| #define PACKAGE_STRING "psqlodbc 13.02.0000"
| #define PACKAGE_BUGREPORT "pgsql-odbc@postgresql.org"
| #define PACKAGE_URL ""
| #define PACKAGE "psqlodbc"
| #define VERSION "13.02.0000"
| #define STDC_HEADERS 1
| #define HAVE_SYS_TYPES_H 1
| #define HAVE_SYS_STAT_H 1
| #define HAVE_STDLIB_H 1
| #define HAVE_STRING_H 1
| #define HAVE_MEMORY_H 1
| #define HAVE_STRINGS_H 1
| #define HAVE_INTTYPES_H 1
| #define HAVE_STDINT_H 1
| #define HAVE_UNISTD_H 1
| #define SIZEOF_LONG 8
| #define SIZEOF_LONG_INT 8
| #define SIZEOF_VOID_P 8
| /* end confdefs.h.  */
| #include <stdio.h>
| #ifdef HAVE_SYS_TYPES_H
| # include <sys/types.h>
| #endif
| #ifdef HAVE_SYS_STAT_H
| # include <sys/stat.h>
| #endif
| #ifdef STDC_HEADERS
| # include <stdlib.h>
| # include <stddef.h>
| #else
| # ifdef HAVE_STDLIB_H
| #  include <stdlib.h>
| # endif
| #endif
| #ifdef HAVE_STRING_H
| # if !defined STDC_HEADERS && defined HAVE_MEMORY_H
| #  include <memory.h>
| # endif
| # include <string.h>
| #endif
| #ifdef HAVE_STRINGS_H
| # include <strings.h>
| #endif
| #ifdef HAVE_INTTYPES_H
| # include <inttypes.h>
| #endif
| #ifdef HAVE_STDINT_H
| # include <stdint.h>
| #endif
| #ifdef HAVE_UNISTD_H
| # include <unistd.h>
| #endif
| int
| main ()
| {
| if (sizeof ((long long)))
| 	    return 0;
|   ;
|   return 0;
| }
configure:4667: result: yes
configure:4677: checking for signed char
configure:4677: gcc -c -g -O2  conftest.c >&5
configure:4677: $? = 0
configure:4677: gcc -c -g -O2  conftest.c >&5
conftest.c: In function 'main':
conftest.c:61:26: error: expected expression before ')' token
   61 | if (sizeof ((signed char)))
      |                          ^
configure:4677: $? = 1
configure: failed program was:
| /* confdefs.h */
| #define PACKAGE_NAME "psqlodbc"
| #define PACKAGE_TARNAME "psqlodbc"
| #define PACKAGE_VERSION "13.02.0000"
| #define PACKAGE_STRING "psqlodbc 13.02.0000"
| #define PACKAGE_BUGREPORT "pgsql-odbc@postgresql.org"
| #define PACKAGE_URL ""
| #define PACKAGE "psqlodbc"
| #define VERSION "13.02.0000"
| #define STDC_HEADERS 1
| #define HAVE_SYS_TYPES_H 1
| #define HAVE_SYS_STAT_H 1
| #define HAVE_STDLIB_H 1
| #define HAVE_STRING_H 1
| #define HAVE_MEMORY_H 1
| #define HAVE_STRINGS_H 1
| #define HAVE_INTTYPES_H 1
| #define HAVE_STDINT_H 1
| #define HAVE_UNISTD_H 1
| #define SIZEOF_LONG 8
| #define SIZEOF_LONG_INT 8
| #define SIZEOF_VOID_P 8
| #define HAVE_LONG_LONG 1
| /* end confdefs.h.  */
| #include <stdio.h>
| #ifdef HAVE_SYS_TYPES_H
| # include <sys/types.h>
| #endif
| #ifdef HAVE_SYS_STAT_H
| # include <sys/stat.h>
| #endif
| #ifdef STDC_HEADERS
| # include <stdlib.h>
| # include <stddef.h>
| #else
| # ifdef HAVE_STDLIB_H
| #  include <stdlib.h>
| # endif
| #endif
| #ifdef HAVE_STRING_H
| # if !defined STDC_HEADERS && defined HAVE_MEMORY_H
| #  include <memory.h>
| # endif
| # include <string.h>
| #endif
| #ifdef HAVE_STRINGS_H
| # include <strings.h>
| #endif
| #ifdef HAVE_INTTYPES_H
| # include <inttypes.h>
| #endif
| #ifdef HAVE_STDINT_H
| # include <stdint.h>
| #endif
| #ifdef HAVE_UNISTD_H
| # include <unistd.h>
| #endif
| int
| main ()
| {
| if (sizeof ((signed char)))
| 	    return 0;
|   ;
|   return 0;
| }
configure:4677: result: yes
configure:4687: checking for ssize_t
configure:4687: gcc -c -g -O2  conftest.c >&5
configure:4687: $? = 0
configure:4687: gcc -c -g -O2  conftest.c >&5
conftest.c: In function 'main':
conftest.c:62:22: error: expected expression before ')' token
   62 | if (sizeof ((ssize_t)))
      |                      ^
configure:4687: $? = 1
configure: failed program was:
| /* confdefs.h */
| #define PACKAGE_NAME "psqlodbc"
| #define PACKAGE_TARNAME "psqlodbc"
| #define PACKAGE_VERSION "13.02.0000"
| #define PACKAGE_STRING "psqlodbc 13.02.0000"
| #define PACKAGE_BUGREPORT "pgsql-odbc@postgresql.org"
| #define PACKAGE_URL ""
| #define PACKAGE "psqlodbc"
| #define VERSION "13.02.0000"
| #define STDC_HEADERS 1
| #define HAVE_SYS_TYPES_H 1
| #define HAVE_SYS_STAT_H 1
| #define HAVE_STDLIB_H 1
| #define HAVE_STRING_H 1
| #define HAVE_MEMORY_H 1
| #define HAVE_STRINGS_H 1
| #define HAVE_INTTYPES_H 1
| #define HAVE_STDINT_H 1
| #define HAVE_UNISTD_H 1
| #define SIZEOF_LONG 8
| #define SIZEOF_LONG_INT 8
| #define SIZEOF_VOID_P 8
| #define HAVE_LONG_LONG 1
| #define HAVE_SIGNED_CHAR 1
| /* end confdefs.h.  */
| #include <stdio.h>
| #ifdef HAVE_SYS_TYPES_H
| # include <sys/types.h>
| #endif
| #ifdef HAVE_SYS_STAT_H
| # include <sys/stat.h>
| #endif
| #ifdef STDC_HEADERS
| # include <stdlib.h>
| # include <stddef.h>
| #else
| # ifdef HAVE_STDLIB_H
| #  include <stdlib.h>
| # endif
| #endif
| #ifdef HAVE_STRING_H
| # if !defined STDC_HEADERS && defined HAVE_MEMORY_H
| #  include <memory.h>
| # endif
| # include <string.h>
| #endif
| #ifdef HAVE_STRINGS_H
| # include <strings.h>
| #endif
| #ifdef HAVE_INTTYPES_H
| # include <inttypes.h>
| #endif
| #ifdef HAVE_STDINT_H
| # include <stdint.h>
| #endif
| #ifdef HAVE_UNISTD_H
| # include <unistd.h>
| #endif
| int
| main ()
| {
| if (sizeof ((ssize_t)))
| 	    return 0;
|   ;
|   return 0;
| }
configure:4687: result: yes
configure:4697: checking for size_t
configure:4697: gcc -c -g -O2  conftest.c >&5
configure:4697: $? = 0
configure:4697: gcc -c -g -O2  conftest.c >&5
conftest.c: In function 'main':
conftest.c:63:21: error: expected expression before ')' token
   63 | if (sizeof ((size_t)))
      |                     ^
configure:4697: $? = 1
configure: failed program was:
| /* confdefs.h */
| #define PACKAGE_NAME "psqlodbc"
| #define PACKAGE_TARNAME "psqlodbc"
| #define PACKAGE_VERSION "13.02.0000"
| #define PACKAGE_STRING "psqlodbc 13.02.0000"
| #define PACKAGE_BUGREPORT "pgsql-odbc@postgresql.org"
| #define PACKAGE_URL ""
| #define PACKAGE "psqlodbc"
| #define VERSION "13.02.0000"
| #define STDC_HEADERS 1
| #define HAVE_SYS_TYPES_H 1
| #define HAVE_SYS_STAT_H 1
| #define HAVE_STDLIB_H 1
| #define HAVE_STRING_H 1
| #define HAVE_MEMORY_H 1
| #define HAVE_STRINGS_H 1
| #define HAVE_INTTYPES_H 1
| #define HAVE_STDINT_H 1
| #define HAVE_UNISTD_H 1
| #define SIZEOF_LONG 8
| #define SIZEOF_LONG_INT 8
| #define SIZEOF_VOID_P 8
| #define HAVE_LONG_LONG 1
| #define HAVE_SIGNED_CHAR 1
| #define HAVE_SSIZE_T 1
| /* end confdefs.h.  */
| #include <stdio.h>
| #ifdef HAVE_SYS_TYPES_H
| # include <sys/types.h>
| #endif
| #ifdef HAVE_SYS_STAT_H
| # include <sys/stat.h>
| #endif
| #ifdef STDC_HEADERS
| # include <stdlib.h>
| # include <stddef.h>
| #else
| # ifdef HAVE_STDLIB_H
| #  include <stdlib.h>
| # endif
| #endif
| #ifdef HAVE_STRING_H
| # if !defined STDC_HEADERS && defined HAVE_MEMORY_H
| #  include <memory.h>
| # endif
| # include <string.h>
| #endif
| #ifdef HAVE_STRINGS_H
| # include <strings.h>
| #endif
| #ifdef HAVE_INTTYPES_H
| # include <inttypes.h>
| #endif
| #ifdef HAVE_STDINT_H
| # include <stdint.h>
| #endif
| #ifdef HAVE_UNISTD_H
| # include <unistd.h>
| #endif
| int
| main ()
| {
| if (sizeof ((size_t)))
| 	    return 0;
|   ;
|   return 0;
| }
configure:4697: result: yes
configure:4712: checking -Wall is a valid compile option
configure:4727: gcc -c -g -O2 -Wall  conftest.c >&5
configure:4727: $? = 0
configure:4728: result: yes
configure:4837: checking for odbc_config
configure:4855: found /usr/local/bin/odbc_config
configure:4867: result: /usr/local/bin/odbc_config
configure:4919: using /usr/local/include /usr/local/lib
configure:4921: using -L/usr/local/lib -lodbc for regression test
configure:4929: checking last argument to SQLColAttribute is SQLLEN *
configure:4950: gcc -c -g -O2 -Wall  -I/usr/local/include conftest.c >&5
configure:4950: $? = 0
configure:4954: result: yes
configure:5043: checking for pg_config
configure:5061: found /usr/bin/pg_config
configure:5073: result: /usr/bin/pg_config
configure:5103: checking for prove
configure:5119: found /usr/bin/prove
configure:5130: result: prove
configure:5148: checking build system type
configure:5162: result: x86_64-unknown-linux-gnu
configure:5182: checking host system type
configure:5195: result: x86_64-unknown-linux-gnu
configure:5555: WARNING: Libtool does not cope well with whitespace in `pwd`
configure:5599: checking how to print strings
configure:5626: result: printf
configure:5647: checking for a sed that does not truncate output
configure:5711: result: /usr/bin/sed
configure:5729: checking for fgrep
configure:5791: result: /usr/bin/grep -F
configure:5826: checking for ld used by gcc
configure:5893: result: /usr/bin/ld
configure:5900: checking if the linker (/usr/bin/ld) is GNU ld
configure:5915: result: yes
configure:5927: checking for BSD- or MS-compatible name lister (nm)
configure:5976: result: /usr/bin/nm -B
configure:6106: checking the name lister (/usr/bin/nm -B) interface
configure:6113: gcc -c -g -O2 -Wall  -I/usr/local/include -I/usr/include/postgresql -I/usr/include/postgresql/internal conftest.c >&5
configure:6116: /usr/bin/nm -B "conftest.o"
configure:6119: output
0000000000000000 B some_variable
configure:6120: result: BSD nm
configure:6123: checking whether ln -s works
configure:6127: result: yes
configure:6135: checking the maximum length of command line arguments
configure:6265: result: 1572864
configure:6282: checking whether the shell understands some XSI constructs
configure:6291: result: yes
configure:6295: checking whether the shell understands "+="
configure:6299: result: yes
configure:6334: checking how to convert x86_64-unknown-linux-gnu file names to x86_64-unknown-linux-gnu format
configure:6374: result: func_convert_file_noop
configure:6381: checking how to convert x86_64-unknown-linux-gnu file names to toolchain format
configure:6401: result: func_convert_file_noop
configure:6408: checking for /usr/bin/ld option to reload object files
configure:6415: result: -r
configure:6489: checking for objdump
configure:6516: result: objdump
configure:6545: checking how to recognize dependent libraries
configure:6747: result: pass_all
configure:6832: checking for dlltool
configure:6859: result: dlltool
configure:6889: checking how to associate runtime and link libraries
configure:6916: result: printf %s\n
configure:6976: checking for ar
configure:6992: found /usr/bin/ar
configure:7003: result: ar
configure:7040: checking for archiver @FILE support
configure:7057: gcc -c -g -O2 -Wall  -I/usr/local/include -I/usr/include/postgresql -I/usr/include/postgresql/internal conftest.c >&5
configure:7057: $? = 0
configure:7060: ar cru libconftest.a @conftest.lst >&5
ar: `u' modifier ignored since `D' is the default (see `U')
configure:7063: $? = 0
configure:7068: ar cru libconftest.a @conftest.lst >&5
ar: `u' modifier ignored since `D' is the default (see `U')
ar: conftest.o: No such file or directory
configure:7071: $? = 1
configure:7070: result: @
configure:7128: checking for strip
configure:7144: found /usr/bin/strip
configure:7155: result: strip
configure:7227: checking for ranlib
configure:7243: found /usr/bin/ranlib
configure:7254: result: ranlib
configure:7356: checking command to parse /usr/bin/nm -B output from gcc object
configure:7476: gcc -c -g -O2 -Wall  -I/usr/local/include -I/usr/include/postgresql -I/usr/include/postgresql/internal conftest.c >&5
configure:7479: $? = 0
configure:7483: /usr/bin/nm -B conftest.o \| sed -n -e 's/^.*[ ]\([ABCDGIRSTW][ABCDGIRSTW]*\)[ ][ ]*\([_A-Za-z][_A-Za-z0-9]*\)$/\1 \2 \2/p' | sed '/ __gnu_lto/d' \> conftest.nm
configure:7486: $? = 0
configure:7552: gcc -o conftest -g -O2 -Wall  -I/usr/local/include -I/usr/include/postgresql -I/usr/include/postgresql/internal  -L/usr/local/lib -L/usr/lib/x86_64-linux-gnu conftest.c conftstm.o >&5
configure:7555: $? = 0
configure:7593: result: ok
configure:7630: checking for sysroot
configure:7660: result: no
configure:7737: gcc -c -g -O2 -Wall  -I/usr/local/include -I/usr/include/postgresql -I/usr/include/postgresql/internal conftest.c >&5
configure:7740: $? = 0
configure:7916: checking for mt
configure:7932: found /usr/bin/mt
configure:7943: result: mt
configure:7966: checking if mt is a manifest tool
configure:7972: mt '-?'
configure:7980: result: no
configure:8619: checking for dlfcn.h
configure:8619: gcc -c -g -O2 -Wall  -I/usr/local/include -I/usr/include/postgresql -I/usr/include/postgresql/internal conftest.c >&5
configure:8619: $? = 0
configure:8619: result: yes
configure:8791: checking for objdir
configure:8806: result: .libs
configure:9077: checking if gcc supports -fno-rtti -fno-exceptions
configure:9095: gcc -c -g -O2 -Wall  -I/usr/local/include -I/usr/include/postgresql -I/usr/include/postgresql/internal -fno-rtti -fno-exceptions conftest.c >&5
cc1: warning: command line option '-fno-rtti' is valid for C++/D/ObjC++ but not for C
configure:9099: $? = 0
configure:9112: result: no
configure:9439: checking for gcc option to produce PIC
configure:9446: result: -fPIC -DPIC
configure:9454: checking if gcc PIC flag -fPIC -DPIC works
configure:9472: gcc -c -g -O2 -Wall  -I/usr/local/include -I/usr/include/postgresql -I/usr/include/postgresql/internal -fPIC -DPIC -DPIC conftest.c >&5
configure:9476: $? = 0
configure:9489: result: yes
configure:9518: checking if gcc static flag -static works
configure:9546: result: yes
configure:9561: checking if gcc supports -c -o file.o
configure:9582: gcc -c -g -O2 -Wall  -I/usr/local/include -I/usr/include/postgresql -I/usr/include/postgresql/internal -o out/conftest2.o conftest.c >&5
configure:9586: $? = 0
configure:9608: result: yes
configure:9616: checking if gcc supports -c -o file.o
configure:9663: result: yes
configure:9696: checking whether the gcc linker (/usr/bin/ld -m elf_x86_64) supports shared libraries
configure:10849: result: yes
configure:10886: checking whether -lc should be explicitly linked in
configure:10894: gcc -c -g -O2 -Wall  -I/usr/local/include -I/usr/include/postgresql -I/usr/include/postgresql/internal conftest.c >&5
configure:10897: $? = 0
configure:10912: gcc -shared  -fPIC -DPIC conftest.o  -v -Wl,-soname -Wl,conftest -o conftest 2\>\&1 \| /usr/bin/grep  -lc  \>/dev/null 2\>\&1
configure:10915: $? = 0
configure:10929: result: no
configure:11089: checking dynamic linker characteristics
configure:11600: gcc -o conftest -g -O2 -Wall  -I/usr/local/include -I/usr/include/postgresql -I/usr/include/postgresql/internal  -L/usr/local/lib -L/usr/lib/x86_64-linux-gnu -Wl,-rpath -Wl,/foo conftest.c  >&5
configure:11600: $? = 0
configure:11822: result: GNU/Linux ld.so
configure:11929: checking how to hardcode library paths into programs
configure:11954: result: immediate
configure:12048: checking for shl_load
configure:12048: gcc -o conftest -g -O2 -Wall  -I/usr/local/include -I/usr/include/postgresql -I/usr/include/postgresql/internal  -L/usr/local/lib -L/usr/lib/x86_64-linux-gnu conftest.c  >&5
/usr/bin/ld: /tmp/cc0wkxNW.o: in function `main':
/home/brunengo/Escritorio/Computación II/computacion_II/final/connectors/psqlodbc-13.02.0000/conftest.c:67: undefined reference to `shl_load'
collect2: error: ld returned 1 exit status
configure:12048: $? = 1
configure: failed program was:
| /* confdefs.h */
| #define PACKAGE_NAME "psqlodbc"
| #define PACKAGE_TARNAME "psqlodbc"
| #define PACKAGE_VERSION "13.02.0000"
| #define PACKAGE_STRING "psqlodbc 13.02.0000"
| #define PACKAGE_BUGREPORT "pgsql-odbc@postgresql.org"
| #define PACKAGE_URL ""
| #define PACKAGE "psqlodbc"
| #define VERSION "13.02.0000"
| #define STDC_HEADERS 1
| #define HAVE_SYS_TYPES_H 1
| #define HAVE_SYS_STAT_H 1
| #define HAVE_STDLIB_H 1
| #define HAVE_STRING_H 1
| #define HAVE_MEMORY_H 1
| #define HAVE_STRINGS_H 1
| #define HAVE_INTTYPES_H 1
| #define HAVE_STDINT_H 1
| #define HAVE_UNISTD_H 1
| #define SIZEOF_LONG 8
| #define SIZEOF_LONG_INT 8
| #define SIZEOF_VOID_P 8
| #define HAVE_LONG_LONG 1
| #define HAVE_SIGNED_CHAR 1
| #define HAVE_SSIZE_T 1
| #define WITH_UNIXODBC 1
| #define SQLCOLATTRIBUTE_SQLLEN 1
| #define POSIX_MULTITHREAD_SUPPORT 1
| #define _REENTRANT 1
| #define HAVE_DLFCN_H 1
| #define LT_OBJDIR ".libs/"
| /* end confdefs.h.  */
| /* Define shl_load to an innocuous variant, in case <limits.h> declares shl_load.
|    For example, HP-UX 11i <limits.h> declares gettimeofday.  */
| #define shl_load innocuous_shl_load
| 
| /* System header to define __stub macros and hopefully few prototypes,
|     which can conflict with char shl_load (); below.
|     Prefer <limits.h> to <assert.h> if __STDC__ is defined, since
|     <limits.h> exists even on freestanding compilers.  */
| 
| #ifdef __STDC__
| # include <limits.h>
| #else
| # include <assert.h>
| #endif
| 
| #undef shl_load
| 
| /* Override any GCC internal prototype to avoid an error.
|    Use char because int might match the return type of a GCC
|    builtin and then its argument prototype would still apply.  */
| #ifdef __cplusplus
| extern "C"
| #endif
| char shl_load ();
| /* The GNU C library defines this for functions which it implements
|     to always fail with ENOSYS.  Some functions are actually named
|     something starting with __ and the normal name is an alias.  */
| #if defined __stub_shl_load || defined __stub___shl_load
| choke me
| #endif
| 
| int
| main ()
| {
| return shl_load ();
|   ;
|   return 0;
| }
configure:12048: result: no
configure:12052: checking for shl_load in -ldld
configure:12077: gcc -o conftest -g -O2 -Wall  -I/usr/local/include -I/usr/include/postgresql -I/usr/include/postgresql/internal  -L/usr/local/lib -L/usr/lib/x86_64-linux-gnu conftest.c -ldld   >&5
/usr/bin/ld: cannot find -ldld
collect2: error: ld returned 1 exit status
configure:12077: $? = 1
configure: failed program was:
| /* confdefs.h */
| #define PACKAGE_NAME "psqlodbc"
| #define PACKAGE_TARNAME "psqlodbc"
| #define PACKAGE_VERSION "13.02.0000"
| #define PACKAGE_STRING "psqlodbc 13.02.0000"
| #define PACKAGE_BUGREPORT "pgsql-odbc@postgresql.org"
| #define PACKAGE_URL ""
| #define PACKAGE "psqlodbc"
| #define VERSION "13.02.0000"
| #define STDC_HEADERS 1
| #define HAVE_SYS_TYPES_H 1
| #define HAVE_SYS_STAT_H 1
| #define HAVE_STDLIB_H 1
| #define HAVE_STRING_H 1
| #define HAVE_MEMORY_H 1
| #define HAVE_STRINGS_H 1
| #define HAVE_INTTYPES_H 1
| #define HAVE_STDINT_H 1
| #define HAVE_UNISTD_H 1
| #define SIZEOF_LONG 8
| #define SIZEOF_LONG_INT 8
| #define SIZEOF_VOID_P 8
| #define HAVE_LONG_LONG 1
| #define HAVE_SIGNED_CHAR 1
| #define HAVE_SSIZE_T 1
| #define WITH_UNIXODBC 1
| #define SQLCOLATTRIBUTE_SQLLEN 1
| #define POSIX_MULTITHREAD_SUPPORT 1
| #define _REENTRANT 1
| #define HAVE_DLFCN_H 1
| #define LT_OBJDIR ".libs/"
| /* end confdefs.h.  */
| 
| /* Override any GCC internal prototype to avoid an error.
|    Use char because int might match the return type of a GCC
|    builtin and then its argument prototype would still apply.  */
| #ifdef __cplusplus
| extern "C"
| #endif
| char shl_load ();
| int
| main ()
| {
| return shl_load ();
|   ;
|   return 0;
| }
configure:12086: result: no
configure:12091: checking for dlopen
configure:12091: gcc -o conftest -g -O2 -Wall  -I/usr/local/include -I/usr/include/postgresql -I/usr/include/postgresql/internal  -L/usr/local/lib -L/usr/lib/x86_64-linux-gnu conftest.c  >&5
/usr/bin/ld: /tmp/ccMFidG2.o: in function `main':
/home/brunengo/Escritorio/Computación II/computacion_II/final/connectors/psqlodbc-13.02.0000/conftest.c:67: undefined reference to `dlopen'
collect2: error: ld returned 1 exit status
configure:12091: $? = 1
configure: failed program was:
| /* confdefs.h */
| #define PACKAGE_NAME "psqlodbc"
| #define PACKAGE_TARNAME "psqlodbc"
| #define PACKAGE_VERSION "13.02.0000"
| #define PACKAGE_STRING "psqlodbc 13.02.0000"
| #define PACKAGE_BUGREPORT "pgsql-odbc@postgresql.org"
| #define PACKAGE_URL ""
| #define PACKAGE "psqlodbc"
| #define VERSION "13.02.0000"
| #define STDC_HEADERS 1
| #define HAVE_SYS_TYPES_H 1
| #define HAVE_SYS_STAT_H 1
| #define HAVE_STDLIB_H 1
| #define HAVE_STRING_H 1
| #define HAVE_MEMORY_H 1
| #define HAVE_STRINGS_H 1
| #define HAVE_INTTYPES_H 1
| #define HAVE_STDINT_H 1
| #define HAVE_UNISTD_H 1
| #define SIZEOF_LONG 8
| #define SIZEOF_LONG_INT 8
| #define SIZEOF_VOID_P 8
| #define HAVE_LONG_LONG 1
| #define HAVE_SIGNED_CHAR 1
| #define HAVE_SSIZE_T 1
| #define WITH_UNIXODBC 1
| #define SQLCOLATTRIBUTE_SQLLEN 1
| #define POSIX_MULTITHREAD_SUPPORT 1
| #define _REENTRANT 1
| #define HAVE_DLFCN_H 1
| #define LT_OBJDIR ".libs/"
| /* end confdefs.h.  */
| /* Define dlopen to an innocuous variant, in case <limits.h> declares dlopen.
|    For example, HP-UX 11i <limits.h> declares gettimeofday.  */
| #define dlopen innocuous_dlopen
| 
| /* System header to define __stub macros and hopefully few prototypes,
|     which can conflict with char dlopen (); below.
|     Prefer <limits.h> to <assert.h> if __STDC__ is defined, since
|     <limits.h> exists even on freestanding compilers.  */
| 
| #ifdef __STDC__
| # include <limits.h>
| #else
| # include <assert.h>
| #endif
| 
| #undef dlopen
| 
| /* Override any GCC internal prototype to avoid an error.
|    Use char because int might match the return type of a GCC
|    builtin and then its argument prototype would still apply.  */
| #ifdef __cplusplus
| extern "C"
| #endif
| char dlopen ();
| /* The GNU C library defines this for functions which it implements
|     to always fail with ENOSYS.  Some functions are actually named
|     something starting with __ and the normal name is an alias.  */
| #if defined __stub_dlopen || defined __stub___dlopen
| choke me
| #endif
| 
| int
| main ()
| {
| return dlopen ();
|   ;
|   return 0;
| }
configure:12091: result: no
configure:12095: checking for dlopen in -ldl
configure:12120: gcc -o conftest -g -O2 -Wall  -I/usr/local/include -I/usr/include/postgresql -I/usr/include/postgresql/internal  -L/usr/local/lib -L/usr/lib/x86_64-linux-gnu conftest.c -ldl   >&5
configure:12120: $? = 0
configure:12129: result: yes
configure:12248: checking whether a program can dlopen itself
configure:12328: gcc -o conftest -g -O2 -Wall  -I/usr/local/include -I/usr/include/postgresql -I/usr/include/postgresql/internal -DHAVE_DLFCN_H  -L/usr/local/lib -L/usr/lib/x86_64-linux-gnu -Wl,--export-dynamic conftest.c -ldl  >&5
configure:12331: $? = 0
configure:12349: result: yes
configure:12354: checking whether a statically linked program can dlopen itself
configure:12434: gcc -o conftest -g -O2 -Wall  -I/usr/local/include -I/usr/include/postgresql -I/usr/include/postgresql/internal -DHAVE_DLFCN_H  -L/usr/local/lib -L/usr/lib/x86_64-linux-gnu -Wl,--export-dynamic -static conftest.c -ldl  >&5
/usr/bin/ld: /tmp/cciLQdix.o: in function `main':
/home/brunengo/Escritorio/Computación II/computacion_II/final/connectors/psqlodbc-13.02.0000/configure:12413: warning: Using 'dlopen' in statically linked applications requires at runtime the shared libraries from the glibc version used for linking
configure:12437: $? = 0
conftest: undefined symbol: _fnord
configure:12455: result: no
configure:12494: checking whether stripping libraries is possible
configure:12499: result: yes
configure:12534: checking if libtool supports shared libraries
configure:12536: result: yes
configure:12539: checking whether to build shared libraries
configure:12560: result: yes
configure:12563: checking whether to build static libraries
configure:12567: result: no
configure:9616: checking for library containing SQLGetPrivateProfileString
configure:9647: gcc -o conftest -g -O2 -Wall  -I/usr/local/include -I/usr/include/postgresql -I/usr/include/postgresql/internal  -L/usr/local/lib -L/usr/lib/x86_64-linux-gnu conftest.c  >&5
/usr/bin/ld: /tmp/ccu4OBcw.o: in function `main':
/home/brunengo/Escritorio/Computación II/computacion_II/final/connectors/psqlodbc-13.02.0000/conftest.c:44: undefined reference to `SQLGetPrivateProfileString'
collect2: error: ld returned 1 exit status
configure:9647: $? = 1
configure: failed program was:
| /* confdefs.h */
| #define PACKAGE_NAME "psqlodbc"
| #define PACKAGE_TARNAME "psqlodbc"
| #define PACKAGE_VERSION "13.02.0000"
| #define PACKAGE_STRING "psqlodbc 13.02.0000"
| #define PACKAGE_BUGREPORT "pgsql-odbc@postgresql.org"
| #define PACKAGE_URL ""
| #define PACKAGE "psqlodbc"
| #define VERSION "13.02.0000"
| #define STDC_HEADERS 1
| #define HAVE_SYS_TYPES_H 1
| #define HAVE_SYS_STAT_H 1
| #define HAVE_STDLIB_H 1
| #define HAVE_STRING_H 1
| #define HAVE_MEMORY_H 1
| #define HAVE_STRINGS_H 1
| #define HAVE_INTTYPES_H 1
| #define HAVE_STDINT_H 1
| #define HAVE_UNISTD_H 1
| #define SIZEOF_LONG 8
| #define SIZEOF_LONG_INT 8
| #define SIZEOF_VOID_P 8
| #define HAVE_LONG_LONG 1
| #define HAVE_SIGNED_CHAR 1
| #define HAVE_SSIZE_T 1
| #define WITH_UNIXODBC 1
| #define SQLCOLATTRIBUTE_SQLLEN 1
| #define POSIX_MULTITHREAD_SUPPORT 1
| #define _REENTRANT 1
| #define HAVE_DLFCN_H 1
| #define LT_OBJDIR ".libs/"
| /* end confdefs.h.  */
| 
| /* Override any GCC internal prototype to avoid an error.
|    Use char because int might match the return type of a GCC
|    builtin and then its argument prototype would still apply.  */
| #ifdef __cplusplus
| extern "C"
| #endif
| char SQLGetPrivateProfileString ();
| int
| main ()
| {
| return SQLGetPrivateProfileString ();
|   ;
|   return 0;
| }
configure:9647: gcc -o conftest -g -O2 -Wall  -I/usr/local/include -I/usr/include/postgresql -I/usr/include/postgresql/internal  -L/usr/local/lib -L/usr/lib/x86_64-linux-gnu conftest.c -lodbcinst   >&5
configure:9647: $? = 0
configure:9664: result: -lodbcinst
configure:9738: checking for pthread_create in -lpthreads
configure:9763: gcc -o conftest -g -O2 -Wall  -I/usr/local/include -I/usr/include/postgresql -I/usr/include/postgresql/internal  -L/usr/local/lib -L/usr/lib/x86_64-linux-gnu conftest.c -lpthreads  -lodbcinst  >&5
/usr/bin/ld: cannot find -lpthreads
collect2: error: ld returned 1 exit status
configure:9763: $? = 1
configure: failed program was:
| /* confdefs.h */
| #define PACKAGE_NAME "psqlodbc"
| #define PACKAGE_TARNAME "psqlodbc"
| #define PACKAGE_VERSION "13.02.0000"
| #define PACKAGE_STRING "psqlodbc 13.02.0000"
| #define PACKAGE_BUGREPORT "pgsql-odbc@postgresql.org"
| #define PACKAGE_URL ""
| #define PACKAGE "psqlodbc"
| #define VERSION "13.02.0000"
| #define STDC_HEADERS 1
| #define HAVE_SYS_TYPES_H 1
| #define HAVE_SYS_STAT_H 1
| #define HAVE_STDLIB_H 1
| #define HAVE_STRING_H 1
| #define HAVE_MEMORY_H 1
| #define HAVE_STRINGS_H 1
| #define HAVE_INTTYPES_H 1
| #define HAVE_STDINT_H 1
| #define HAVE_UNISTD_H 1
| #define SIZEOF_LONG 8
| #define SIZEOF_LONG_INT 8
| #define SIZEOF_VOID_P 8
| #define HAVE_LONG_LONG 1
| #define HAVE_SIGNED_CHAR 1
| #define HAVE_SSIZE_T 1
| #define WITH_UNIXODBC 1
| #define SQLCOLATTRIBUTE_SQLLEN 1
| #define POSIX_MULTITHREAD_SUPPORT 1
| #define _REENTRANT 1
| #define HAVE_DLFCN_H 1
| #define LT_OBJDIR ".libs/"
| /* end confdefs.h.  */
| 
| /* Override any GCC internal prototype to avoid an error.
|    Use char because int might match the return type of a GCC
|    builtin and then its argument prototype would still apply.  */
| #ifdef __cplusplus
| extern "C"
| #endif
| char pthread_create ();
| int
| main ()
| {
| return pthread_create ();
|   ;
|   return 0;
| }
configure:9772: result: no
configure:9782: checking for pthread_create in -lpthread
configure:9807: gcc -o conftest -g -O2 -Wall  -I/usr/local/include -I/usr/include/postgresql -I/usr/include/postgresql/internal  -L/usr/local/lib -L/usr/lib/x86_64-linux-gnu conftest.c -lpthread  -lodbcinst  >&5
configure:9807: $? = 0
configure:9816: result: yes
configure:9831: checking for PQsetSingleRowMode in -lpq
configure:9856: gcc -o conftest -g -O2 -Wall  -I/usr/local/include -I/usr/include/postgresql -I/usr/include/postgresql/internal  -L/usr/local/lib -L/usr/lib/x86_64-linux-gnu conftest.c -lpq  -lpthread -lodbcinst  >&5
configure:9856: $? = 0
configure:9865: result: yes
configure:9884: checking locale.h usability
configure:9884: gcc -c -g -O2 -Wall  -I/usr/local/include -I/usr/include/postgresql -I/usr/include/postgresql/internal conftest.c >&5
configure:9884: $? = 0
configure:9884: result: yes
configure:9884: checking locale.h presence
configure:9884: gcc -E  -I/usr/local/include -I/usr/include/postgresql -I/usr/include/postgresql/internal conftest.c
configure:9884: $? = 0
configure:9884: result: yes
configure:9884: checking for locale.h
configure:9884: result: yes
configure:9884: checking sys/time.h usability
configure:9884: gcc -c -g -O2 -Wall  -I/usr/local/include -I/usr/include/postgresql -I/usr/include/postgresql/internal conftest.c >&5
configure:9884: $? = 0
configure:9884: result: yes
configure:9884: checking sys/time.h presence
configure:9884: gcc -E  -I/usr/local/include -I/usr/include/postgresql -I/usr/include/postgresql/internal conftest.c
configure:9884: $? = 0
configure:9884: result: yes
configure:9884: checking for sys/time.h
configure:9884: result: yes
configure:9884: checking uchar.h usability
configure:9884: gcc -c -g -O2 -Wall  -I/usr/local/include -I/usr/include/postgresql -I/usr/include/postgresql/internal conftest.c >&5
configure:9884: $? = 0
configure:9884: result: yes
configure:9884: checking uchar.h presence
configure:9884: gcc -E  -I/usr/local/include -I/usr/include/postgresql -I/usr/include/postgresql/internal conftest.c
configure:9884: $? = 0
configure:9884: result: yes
configure:9884: checking for uchar.h
configure:9884: result: yes
configure:9894: checking libpq-fe.h usability
configure:9894: gcc -c -g -O2 -Wall  -I/usr/local/include -I/usr/include/postgresql -I/usr/include/postgresql/internal conftest.c >&5
configure:9894: $? = 0
configure:9894: result: yes
configure:9894: checking libpq-fe.h presence
configure:9894: gcc -E  -I/usr/local/include -I/usr/include/postgresql -I/usr/include/postgresql/internal conftest.c
configure:9894: $? = 0
configure:9894: result: yes
configure:9894: checking for libpq-fe.h
configure:9894: result: yes
configure:9902: checking whether time.h and sys/time.h may both be included
configure:9922: gcc -c -g -O2 -Wall  -I/usr/local/include -I/usr/include/postgresql -I/usr/include/postgresql/internal conftest.c >&5
configure:9922: $? = 0
configure:9929: result: yes
configure:9943: checking whether struct tm is in sys/time.h or time.h
configure:9963: gcc -c -g -O2 -Wall  -I/usr/local/include -I/usr/include/postgresql -I/usr/include/postgresql/internal conftest.c >&5
configure:9963: $? = 0
configure:9970: result: time.h
configure:9981: checking for an ANSI C-conforming const
configure:10047: gcc -c -g -O2 -Wall  -I/usr/local/include -I/usr/include/postgresql -I/usr/include/postgresql/internal conftest.c >&5
configure:10047: $? = 0
configure:10054: result: yes
configure:10066: checking whether strerror_r is declared
configure:10066: gcc -c -g -O2 -Wall  -I/usr/local/include -I/usr/include/postgresql -I/usr/include/postgresql/internal conftest.c >&5
configure:10066: $? = 0
configure:10066: result: yes
configure:10079: checking for strerror_r
configure:10079: gcc -o conftest -g -O2 -Wall  -I/usr/local/include -I/usr/include/postgresql -I/usr/include/postgresql/internal  -L/usr/local/lib -L/usr/lib/x86_64-linux-gnu conftest.c -lpq -lpthread -lodbcinst  >&5
configure:10079: $? = 0
configure:10079: result: yes
configure:10088: checking whether strerror_r returns char *
configure:10112: gcc -c -g -O2 -Wall  -I/usr/local/include -I/usr/include/postgresql -I/usr/include/postgresql/internal conftest.c >&5
conftest.c: In function 'main':
conftest.c:79:13: error: invalid type argument of unary '*' (have 'int')
   79 |    char x = *strerror_r (0, buf, sizeof buf);
      |             ^~~~~~~~~~~~~~~~~~~~~~~~~~~~~~~~
conftest.c:80:14: warning: initialization of 'char *' from 'int' makes pointer from integer without a cast [-Wint-conversion]
   80 |    char *p = strerror_r (0, buf, sizeof buf);
      |              ^~~~~~~~~~
configure:10112: $? = 1
configure: failed program was:
| /* confdefs.h */
| #define PACKAGE_NAME "psqlodbc"
| #define PACKAGE_TARNAME "psqlodbc"
| #define PACKAGE_VERSION "13.02.0000"
| #define PACKAGE_STRING "psqlodbc 13.02.0000"
| #define PACKAGE_BUGREPORT "pgsql-odbc@postgresql.org"
| #define PACKAGE_URL ""
| #define PACKAGE "psqlodbc"
| #define VERSION "13.02.0000"
| #define STDC_HEADERS 1
| #define HAVE_SYS_TYPES_H 1
| #define HAVE_SYS_STAT_H 1
| #define HAVE_STDLIB_H 1
| #define HAVE_STRING_H 1
| #define HAVE_MEMORY_H 1
| #define HAVE_STRINGS_H 1
| #define HAVE_INTTYPES_H 1
| #define HAVE_STDINT_H 1
| #define HAVE_UNISTD_H 1
| #define SIZEOF_LONG 8
| #define SIZEOF_LONG_INT 8
| #define SIZEOF_VOID_P 8
| #define HAVE_LONG_LONG 1
| #define HAVE_SIGNED_CHAR 1
| #define HAVE_SSIZE_T 1
| #define WITH_UNIXODBC 1
| #define SQLCOLATTRIBUTE_SQLLEN 1
| #define POSIX_MULTITHREAD_SUPPORT 1
| #define _REENTRANT 1
| #define HAVE_DLFCN_H 1
| #define LT_OBJDIR ".libs/"
| #define HAVE_LIBPTHREAD 1
| #define HAVE_LIBPQ 1
| #define HAVE_LOCALE_H 1
| #define HAVE_SYS_TIME_H 1
| #define HAVE_UCHAR_H 1
| #define TIME_WITH_SYS_TIME 1
| #define HAVE_DECL_STRERROR_R 1
| #define HAVE_STRERROR_R 1
| /* end confdefs.h.  */
| #include <stdio.h>
| #ifdef HAVE_SYS_TYPES_H
| # include <sys/types.h>
| #endif
| #ifdef HAVE_SYS_STAT_H
| # include <sys/stat.h>
| #endif
| #ifdef STDC_HEADERS
| # include <stdlib.h>
| # include <stddef.h>
| #else
| # ifdef HAVE_STDLIB_H
| #  include <stdlib.h>
| # endif
| #endif
| #ifdef HAVE_STRING_H
| # if !defined STDC_HEADERS && defined HAVE_MEMORY_H
| #  include <memory.h>
| # endif
| # include <string.h>
| #endif
| #ifdef HAVE_STRINGS_H
| # include <strings.h>
| #endif
| #ifdef HAVE_INTTYPES_H
| # include <inttypes.h>
| #endif
| #ifdef HAVE_STDINT_H
| # include <stdint.h>
| #endif
| #ifdef HAVE_UNISTD_H
| # include <unistd.h>
| #endif
| int
| main ()
| {
| 
| 	  char buf[100];
| 	  char x = *strerror_r (0, buf, sizeof buf);
| 	  char *p = strerror_r (0, buf, sizeof buf);
| 	  return !p || x;
| 
|   ;
|   return 0;
| }
configure:10150: result: no
configure:10161: checking for strtoul
configure:10161: gcc -o conftest -g -O2 -Wall  -I/usr/local/include -I/usr/include/postgresql -I/usr/include/postgresql/internal  -L/usr/local/lib -L/usr/lib/x86_64-linux-gnu conftest.c -lpq -lpthread -lodbcinst  >&5
configure:10161: $? = 0
configure:10161: result: yes
configure:10161: checking for strtoll
configure:10161: gcc -o conftest -g -O2 -Wall  -I/usr/local/include -I/usr/include/postgresql -I/usr/include/postgresql/internal  -L/usr/local/lib -L/usr/lib/x86_64-linux-gnu conftest.c -lpq -lpthread -lodbcinst  >&5
configure:10161: $? = 0
configure:10161: result: yes
configure:10161: checking for strlcat
configure:10161: gcc -o conftest -g -O2 -Wall  -I/usr/local/include -I/usr/include/postgresql -I/usr/include/postgresql/internal  -L/usr/local/lib -L/usr/lib/x86_64-linux-gnu conftest.c -lpq -lpthread -lodbcinst  >&5
/usr/bin/ld: /tmp/cc0NF0o9.o: in function `main':
/home/brunengo/Escritorio/Computación II/computacion_II/final/connectors/psqlodbc-13.02.0000/conftest.c:77: undefined reference to `strlcat'
collect2: error: ld returned 1 exit status
configure:10161: $? = 1
configure: failed program was:
| /* confdefs.h */
| #define PACKAGE_NAME "psqlodbc"
| #define PACKAGE_TARNAME "psqlodbc"
| #define PACKAGE_VERSION "13.02.0000"
| #define PACKAGE_STRING "psqlodbc 13.02.0000"
| #define PACKAGE_BUGREPORT "pgsql-odbc@postgresql.org"
| #define PACKAGE_URL ""
| #define PACKAGE "psqlodbc"
| #define VERSION "13.02.0000"
| #define STDC_HEADERS 1
| #define HAVE_SYS_TYPES_H 1
| #define HAVE_SYS_STAT_H 1
| #define HAVE_STDLIB_H 1
| #define HAVE_STRING_H 1
| #define HAVE_MEMORY_H 1
| #define HAVE_STRINGS_H 1
| #define HAVE_INTTYPES_H 1
| #define HAVE_STDINT_H 1
| #define HAVE_UNISTD_H 1
| #define SIZEOF_LONG 8
| #define SIZEOF_LONG_INT 8
| #define SIZEOF_VOID_P 8
| #define HAVE_LONG_LONG 1
| #define HAVE_SIGNED_CHAR 1
| #define HAVE_SSIZE_T 1
| #define WITH_UNIXODBC 1
| #define SQLCOLATTRIBUTE_SQLLEN 1
| #define POSIX_MULTITHREAD_SUPPORT 1
| #define _REENTRANT 1
| #define HAVE_DLFCN_H 1
| #define LT_OBJDIR ".libs/"
| #define HAVE_LIBPTHREAD 1
| #define HAVE_LIBPQ 1
| #define HAVE_LOCALE_H 1
| #define HAVE_SYS_TIME_H 1
| #define HAVE_UCHAR_H 1
| #define TIME_WITH_SYS_TIME 1
| #define HAVE_DECL_STRERROR_R 1
| #define HAVE_STRERROR_R 1
| #define HAVE_STRTOUL 1
| #define HAVE_STRTOLL 1
| /* end confdefs.h.  */
| /* Define strlcat to an innocuous variant, in case <limits.h> declares strlcat.
|    For example, HP-UX 11i <limits.h> declares gettimeofday.  */
| #define strlcat innocuous_strlcat
| 
| /* System header to define __stub macros and hopefully few prototypes,
|     which can conflict with char strlcat (); below.
|     Prefer <limits.h> to <assert.h> if __STDC__ is defined, since
|     <limits.h> exists even on freestanding compilers.  */
| 
| #ifdef __STDC__
| # include <limits.h>
| #else
| # include <assert.h>
| #endif
| 
| #undef strlcat
| 
| /* Override any GCC internal prototype to avoid an error.
|    Use char because int might match the return type of a GCC
|    builtin and then its argument prototype would still apply.  */
| #ifdef __cplusplus
| extern "C"
| #endif
| char strlcat ();
| /* The GNU C library defines this for functions which it implements
|     to always fail with ENOSYS.  Some functions are actually named
|     something starting with __ and the normal name is an alias.  */
| #if defined __stub_strlcat || defined __stub___strlcat
| choke me
| #endif
| 
| int
| main ()
| {
| return strlcat ();
|   ;
|   return 0;
| }
configure:10161: result: no
configure:10161: checking for mbstowcs
configure:10161: gcc -o conftest -g -O2 -Wall  -I/usr/local/include -I/usr/include/postgresql -I/usr/include/postgresql/internal  -L/usr/local/lib -L/usr/lib/x86_64-linux-gnu conftest.c -lpq -lpthread -lodbcinst  >&5
configure:10161: $? = 0
configure:10161: result: yes
configure:10161: checking for wcstombs
configure:10161: gcc -o conftest -g -O2 -Wall  -I/usr/local/include -I/usr/include/postgresql -I/usr/include/postgresql/internal  -L/usr/local/lib -L/usr/lib/x86_64-linux-gnu conftest.c -lpq -lpthread -lodbcinst  >&5
configure:10161: $? = 0
configure:10161: result: yes
configure:10161: checking for mbrtoc16
configure:10161: gcc -o conftest -g -O2 -Wall  -I/usr/local/include -I/usr/include/postgresql -I/usr/include/postgresql/internal  -L/usr/local/lib -L/usr/lib/x86_64-linux-gnu conftest.c -lpq -lpthread -lodbcinst  >&5
configure:10161: $? = 0
configure:10161: result: yes
configure:10161: checking for c16rtomb
configure:10161: gcc -o conftest -g -O2 -Wall  -I/usr/local/include -I/usr/include/postgresql -I/usr/include/postgresql/internal  -L/usr/local/lib -L/usr/lib/x86_64-linux-gnu conftest.c -lpq -lpthread -lodbcinst  >&5
configure:10161: $? = 0
configure:10161: result: yes
configure:10173: checking for PQsslInUse
configure:10173: gcc -o conftest -g -O2 -Wall  -I/usr/local/include -I/usr/include/postgresql -I/usr/include/postgresql/internal  -L/usr/local/lib -L/usr/lib/x86_64-linux-gnu conftest.c -lpq -lpthread -lodbcinst  >&5
configure:10173: $? = 0
configure:10173: result: yes
configure:10187: checking for localtime_r
configure:10187: gcc -o conftest -g -O2 -Wall  -I/usr/local/include -I/usr/include/postgresql -I/usr/include/postgresql/internal  -L/usr/local/lib -L/usr/lib/x86_64-linux-gnu conftest.c -lpq -lpthread -lodbcinst  >&5
configure:10187: $? = 0
configure:10187: result: yes
configure:10187: checking for strtok_r
configure:10187: gcc -o conftest -g -O2 -Wall  -I/usr/local/include -I/usr/include/postgresql -I/usr/include/postgresql/internal  -L/usr/local/lib -L/usr/lib/x86_64-linux-gnu conftest.c -lpq -lpthread -lodbcinst  >&5
configure:10187: $? = 0
configure:10187: result: yes
configure:10187: checking for pthread_mutexattr_settype
configure:10187: gcc -o conftest -g -O2 -Wall  -I/usr/local/include -I/usr/include/postgresql -I/usr/include/postgresql/internal  -L/usr/local/lib -L/usr/lib/x86_64-linux-gnu conftest.c -lpq -lpthread -lodbcinst  >&5
configure:10187: $? = 0
configure:10187: result: yes
configure:10209: gcc -c -g -O2 -Wall  -I/usr/local/include -I/usr/include/postgresql -I/usr/include/postgresql/internal conftest.c >&5
conftest.c: In function 'main':
conftest.c:55:5: warning: unused variable 'i' [-Wunused-variable]
   55 | int i = PTHREAD_MUTEX_RECURSIVE;
      |     ^
configure:10209: $? = 0
configure:10342: checking that generated files are newer than configure
configure:10348: result: done
configure:10379: creating ./config.status

## ---------------------- ##
## Running config.status. ##
## ---------------------- ##

This file was extended by psqlodbc config.status 13.02.0000, which was
generated by GNU Autoconf 2.69.  Invocation command line was

  CONFIG_FILES    = 
  CONFIG_HEADERS  = 
  CONFIG_LINKS    = 
  CONFIG_COMMANDS = 
  $ ./config.status 

on brunou-IdeaPad-3-14ADA05

config.status:1117: creating Makefile
config.status:1117: creating test/Makefile
config.status:1117: creating config.h
config.status:1346: executing depfiles commands
config.status:1346: executing libtool commands

## ---------------- ##
## Cache variables. ##
## ---------------- ##

ac_cv_build=x86_64-unknown-linux-gnu
ac_cv_c_compiler_gnu=yes
ac_cv_c_const=yes
ac_cv_env_CC_set=
ac_cv_env_CC_value=
ac_cv_env_CFLAGS_set=
ac_cv_env_CFLAGS_value=
ac_cv_env_CPPFLAGS_set=
ac_cv_env_CPPFLAGS_value=
ac_cv_env_CPP_set=
ac_cv_env_CPP_value=
ac_cv_env_LDFLAGS_set=
ac_cv_env_LDFLAGS_value=
ac_cv_env_LIBS_set=
ac_cv_env_LIBS_value=
ac_cv_env_build_alias_set=
ac_cv_env_build_alias_value=
ac_cv_env_host_alias_set=
ac_cv_env_host_alias_value=
ac_cv_env_target_alias_set=
ac_cv_env_target_alias_value=
ac_cv_func_PQsslInUse=yes
ac_cv_func_c16rtomb=yes
ac_cv_func_dlopen=no
ac_cv_func_localtime_r=yes
ac_cv_func_mbrtoc16=yes
ac_cv_func_mbstowcs=yes
ac_cv_func_pthread_mutexattr_settype=yes
ac_cv_func_shl_load=no
ac_cv_func_strerror_r=yes
ac_cv_func_strerror_r_char_p=no
ac_cv_func_strlcat=no
ac_cv_func_strtok_r=yes
ac_cv_func_strtoll=yes
ac_cv_func_strtoul=yes
ac_cv_func_wcstombs=yes
ac_cv_have_decl_strerror_r=yes
ac_cv_header_dlfcn_h=yes
ac_cv_header_inttypes_h=yes
ac_cv_header_libpq_fe_h=yes
ac_cv_header_locale_h=yes
ac_cv_header_memory_h=yes
ac_cv_header_stdc=yes
ac_cv_header_stdint_h=yes
ac_cv_header_stdlib_h=yes
ac_cv_header_string_h=yes
ac_cv_header_strings_h=yes
ac_cv_header_sys_stat_h=yes
ac_cv_header_sys_time_h=yes
ac_cv_header_sys_types_h=yes
ac_cv_header_time=yes
ac_cv_header_uchar_h=yes
ac_cv_header_unistd_h=yes
ac_cv_host=x86_64-unknown-linux-gnu
ac_cv_lib_dl_dlopen=yes
ac_cv_lib_dld_shl_load=no
ac_cv_lib_pq_PQsetSingleRowMode=yes
ac_cv_lib_pthread_pthread_create=yes
ac_cv_lib_pthreads_pthread_create=no
ac_cv_objext=o
ac_cv_path_EGREP='/usr/bin/grep -E'
ac_cv_path_FGREP='/usr/bin/grep -F'
ac_cv_path_GREP=/usr/bin/grep
ac_cv_path_ODBC_CONFIG=/usr/local/bin/odbc_config
ac_cv_path_PG_CONFIG=/usr/bin/pg_config
ac_cv_path_SED=/usr/bin/sed
ac_cv_path_install='/usr/bin/install -c'
ac_cv_path_mkdir=/usr/bin/mkdir
ac_cv_prog_AWK=gawk
ac_cv_prog_CPP='gcc -E'
ac_cv_prog_PROVE=prove
ac_cv_prog_ac_ct_AR=ar
ac_cv_prog_ac_ct_CC=gcc
ac_cv_prog_ac_ct_DLLTOOL=dlltool
ac_cv_prog_ac_ct_MANIFEST_TOOL=mt
ac_cv_prog_ac_ct_OBJDUMP=objdump
ac_cv_prog_ac_ct_RANLIB=ranlib
ac_cv_prog_ac_ct_STRIP=strip
ac_cv_prog_cc_c89=
ac_cv_prog_cc_g=yes
ac_cv_prog_make_make_set=yes
ac_cv_search_SQLGetPrivateProfileString=-lodbcinst
ac_cv_sizeof_long=8
ac_cv_sizeof_long_int=8
ac_cv_sizeof_void_p=8
ac_cv_struct_tm=time.h
ac_cv_type_long_long=yes
ac_cv_type_signed_char=yes
ac_cv_type_size_t=yes
ac_cv_type_ssize_t=yes
am_cv_CC_dependencies_compiler_type=gcc3
am_cv_make_support_nested_variables=yes
am_cv_prog_cc_c_o=yes
lt_cv_ar_at_file=@
lt_cv_archive_cmds_need_lc=no
lt_cv_deplibs_check_method=pass_all
lt_cv_dlopen=dlopen
lt_cv_dlopen_libs=-ldl
lt_cv_dlopen_self=yes
lt_cv_dlopen_self_static=no
lt_cv_file_magic_cmd='$MAGIC_CMD'
lt_cv_file_magic_test_file=
lt_cv_ld_reload_flag=-r
lt_cv_nm_interface='BSD nm'
lt_cv_objdir=.libs
lt_cv_path_LD=/usr/bin/ld
lt_cv_path_NM='/usr/bin/nm -B'
lt_cv_path_mainfest_tool=no
lt_cv_prog_compiler_c_o=yes
lt_cv_prog_compiler_pic='-fPIC -DPIC'
lt_cv_prog_compiler_pic_works=yes
lt_cv_prog_compiler_rtti_exceptions=no
lt_cv_prog_compiler_static_works=yes
lt_cv_prog_gnu_ld=yes
lt_cv_sharedlib_from_linklib_cmd='printf %s\n'
lt_cv_shlibpath_overrides_runpath=yes
lt_cv_sys_global_symbol_pipe='sed -n -e '\''s/^.*[	 ]\([ABCDGIRSTW][ABCDGIRSTW]*\)[	 ][	 ]*\([_A-Za-z][_A-Za-z0-9]*\)$/\1 \2 \2/p'\'' | sed '\''/ __gnu_lto/d'\'''
lt_cv_sys_global_symbol_to_c_name_address='sed -n -e '\''s/^: \([^ ]*\)[ ]*$/  {\"\1\", (void *) 0},/p'\'' -e '\''s/^[ABCDGIRSTW]* \([^ ]*\) \([^ ]*\)$/  {"\2", (void *) \&\2},/p'\'''
lt_cv_sys_global_symbol_to_c_name_address_lib_prefix='sed -n -e '\''s/^: \([^ ]*\)[ ]*$/  {\"\1\", (void *) 0},/p'\'' -e '\''s/^[ABCDGIRSTW]* \([^ ]*\) \(lib[^ ]*\)$/  {"\2", (void *) \&\2},/p'\'' -e '\''s/^[ABCDGIRSTW]* \([^ ]*\) \([^ ]*\)$/  {"lib\2", (void *) \&\2},/p'\'''
lt_cv_sys_global_symbol_to_cdecl='sed -n -e '\''s/^T .* \(.*\)$/extern int \1();/p'\'' -e '\''s/^[ABCDGIRSTW]* .* \(.*\)$/extern char \1;/p'\'''
lt_cv_sys_max_cmd_len=1572864
lt_cv_to_host_file_cmd=func_convert_file_noop
lt_cv_to_tool_file_cmd=func_convert_file_noop

## ----------------- ##
## Output variables. ##
## ----------------- ##

ACLOCAL='${SHELL} "/home/brunengo/Escritorio/Computación II/computacion_II/final/connectors/psqlodbc-13.02.0000/config/missing" aclocal-1.15'
AMDEPBACKSLASH='\'
AMDEP_FALSE='#'
AMDEP_TRUE=''
AMTAR='$${TAR-tar}'
AM_BACKSLASH='\'
AM_DEFAULT_V='$(AM_DEFAULT_VERBOSITY)'
AM_DEFAULT_VERBOSITY='1'
AM_V='$(V)'
AR='ar'
AS='as'
AUTOCONF='${SHELL} "/home/brunengo/Escritorio/Computación II/computacion_II/final/connectors/psqlodbc-13.02.0000/config/missing" autoconf'
AUTOHEADER='${SHELL} "/home/brunengo/Escritorio/Computación II/computacion_II/final/connectors/psqlodbc-13.02.0000/config/missing" autoheader'
AUTOMAKE='${SHELL} "/home/brunengo/Escritorio/Computación II/computacion_II/final/connectors/psqlodbc-13.02.0000/config/missing" automake-1.15'
AWK='gawk'
CC='gcc'
CCDEPMODE='depmode=gcc3'
CFLAGS='-g -O2 -Wall'
CPP='gcc -E'
CPPFLAGS=' -I/usr/local/include -I/usr/include/postgresql -I/usr/include/postgresql/internal'
CYGPATH_W='echo'
DEFS='-DHAVE_CONFIG_H'
DEPDIR='.deps'
DLLTOOL='dlltool'
DSYMUTIL=''
DUMPBIN=''
ECHO_C=''
ECHO_N='-n'
ECHO_T=''
EGREP='/usr/bin/grep -E'
EXEEXT=''
FGREP='/usr/bin/grep -F'
GCC_FALSE='#'
GCC_TRUE=''
GREP='/usr/bin/grep'
INSTALL_DATA='${INSTALL} -m 644'
INSTALL_PROGRAM='${INSTALL}'
INSTALL_SCRIPT='${INSTALL}'
INSTALL_STRIP_PROGRAM='$(install_sh) -c -s'
LD='/usr/bin/ld -m elf_x86_64'
LDFLAGS=' -L/usr/local/lib -L/usr/lib/x86_64-linux-gnu'
LIBOBJS=''
LIBODBC='-L/usr/local/lib -lodbc'
LIBS='-lpq -lpthread -lodbcinst '
LIBTOOL='$(SHELL) $(top_builddir)/libtool'
LIPO=''
LN_S='ln -s'
LTLIBOBJS=''
MAINT='#'
MAINTAINER_MODE_FALSE=''
MAINTAINER_MODE_TRUE='#'
MAKEINFO='${SHELL} "/home/brunengo/Escritorio/Computación II/computacion_II/final/connectors/psqlodbc-13.02.0000/config/missing" makeinfo'
MANIFEST_TOOL=':'
MKDIR_P='/usr/bin/mkdir -p'
NM='/usr/bin/nm -B'
NMEDIT=''
OBJDUMP='objdump'
OBJEXT='o'
ODBC_CONFIG='/usr/local/bin/odbc_config'
OTOOL64=''
OTOOL=''
PACKAGE='psqlodbc'
PACKAGE_BUGREPORT='pgsql-odbc@postgresql.org'
PACKAGE_NAME='psqlodbc'
PACKAGE_STRING='psqlodbc 13.02.0000'
PACKAGE_TARNAME='psqlodbc'
PACKAGE_URL=''
PACKAGE_VERSION='13.02.0000'
PATH_SEPARATOR=':'
PG_CONFIG='/usr/bin/pg_config'
PROVE='prove'
RANLIB='ranlib'
SED='/usr/bin/sed'
SET_MAKE=''
SHELL='/bin/bash'
STRIP='strip'
VERSION='13.02.0000'
ac_ct_AR='ar'
ac_ct_CC='gcc'
ac_ct_DUMPBIN=''
am__EXEEXT_FALSE=''
am__EXEEXT_TRUE='#'
am__fastdepCC_FALSE='#'
am__fastdepCC_TRUE=''
am__include='include'
am__isrc=''
am__leading_dot='.'
am__nodep='_no'
am__quote=''
am__tar='$${TAR-tar} chof - "$$tardir"'
am__untar='$${TAR-tar} xf -'
bindir='${exec_prefix}/bin'
build='x86_64-unknown-linux-gnu'
build_alias=''
build_cpu='x86_64'
build_os='linux-gnu'
build_vendor='unknown'
datadir='${datarootdir}'
datarootdir='${prefix}/share'
docdir='${datarootdir}/doc/${PACKAGE_TARNAME}'
dvidir='${docdir}'
exec_prefix='${prefix}'
host='x86_64-unknown-linux-gnu'
host_alias=''
host_cpu='x86_64'
host_os='linux-gnu'
host_vendor='unknown'
htmldir='${docdir}'
includedir='${prefix}/include'
infodir='${datarootdir}/info'
install_sh='${SHELL} '\''/home/brunengo/Escritorio/Computación II/computacion_II/final/connectors/psqlodbc-13.02.0000/config/install-sh'\'''
libdir='${exec_prefix}/lib'
libexecdir='${exec_prefix}/libexec'
localedir='${datarootdir}/locale'
localstatedir='${prefix}/var'
mandir='${datarootdir}/man'
mkdir_p='$(MKDIR_P)'
oldincludedir='/usr/include'
pdfdir='${docdir}'
prefix='/usr/local'
program_transform_name='s,x,x,'
psdir='${docdir}'
sbindir='${exec_prefix}/sbin'
sharedstatedir='${prefix}/com'
sysconfdir='${prefix}/etc'
target_alias=''

## ----------- ##
## confdefs.h. ##
## ----------- ##

/* confdefs.h */
#define PACKAGE_NAME "psqlodbc"
#define PACKAGE_TARNAME "psqlodbc"
#define PACKAGE_VERSION "13.02.0000"
#define PACKAGE_STRING "psqlodbc 13.02.0000"
#define PACKAGE_BUGREPORT "pgsql-odbc@postgresql.org"
#define PACKAGE_URL ""
#define PACKAGE "psqlodbc"
#define VERSION "13.02.0000"
#define STDC_HEADERS 1
#define HAVE_SYS_TYPES_H 1
#define HAVE_SYS_STAT_H 1
#define HAVE_STDLIB_H 1
#define HAVE_STRING_H 1
#define HAVE_MEMORY_H 1
#define HAVE_STRINGS_H 1
#define HAVE_INTTYPES_H 1
#define HAVE_STDINT_H 1
#define HAVE_UNISTD_H 1
#define SIZEOF_LONG 8
#define SIZEOF_LONG_INT 8
#define SIZEOF_VOID_P 8
#define HAVE_LONG_LONG 1
#define HAVE_SIGNED_CHAR 1
#define HAVE_SSIZE_T 1
#define WITH_UNIXODBC 1
#define SQLCOLATTRIBUTE_SQLLEN 1
#define POSIX_MULTITHREAD_SUPPORT 1
#define _REENTRANT 1
#define HAVE_DLFCN_H 1
#define LT_OBJDIR ".libs/"
#define HAVE_LIBPTHREAD 1
#define HAVE_LIBPQ 1
#define HAVE_LOCALE_H 1
#define HAVE_SYS_TIME_H 1
#define HAVE_UCHAR_H 1
#define TIME_WITH_SYS_TIME 1
#define HAVE_DECL_STRERROR_R 1
#define HAVE_STRERROR_R 1
#define HAVE_STRTOUL 1
#define HAVE_STRTOLL 1
#define HAVE_MBSTOWCS 1
#define HAVE_WCSTOMBS 1
#define HAVE_MBRTOC16 1
#define HAVE_C16RTOMB 1
#define HAVE_PQSSLINUSE 1
#define HAVE_LOCALTIME_R 1
#define HAVE_STRTOK_R 1
#define HAVE_PTHREAD_MUTEXATTR_SETTYPE 1
#define PG_RECURSIVE_MUTEXATTR PTHREAD_MUTEX_RECURSIVE

configure: exit 0
